C:\USERS\ANDREW\DOCUMENTS\GITHUB\CSE240_PROJECT\FLIGHTBOOKINGSYSTEM\FLIGHTBOOKINGSYSTEM\DEBUG\DATE_TIME.OBJ
C:\USERS\ANDREW\DOCUMENTS\GITHUB\CSE240_PROJECT\FLIGHTBOOKINGSYSTEM\FLIGHTBOOKINGSYSTEM\DEBUG\FLIGHTBOOKINGSYSTEM.OBJ
C:\USERS\ANDREW\DOCUMENTS\GITHUB\CSE240_PROJECT\FLIGHTBOOKINGSYSTEM\FLIGHTBOOKINGSYSTEM\DEBUG\FLIGHTNODE.OBJ
C:\USERS\ANDREW\DOCUMENTS\GITHUB\CSE240_PROJECT\FLIGHTBOOKINGSYSTEM\FLIGHTBOOKINGSYSTEM\DEBUG\HUBNODE.OBJ
C:\USERS\ANDREW\DOCUMENTS\GITHUB\CSE240_PROJECT\FLIGHTBOOKINGSYSTEM\FLIGHTBOOKINGSYSTEM\DEBUG\IO.OBJ
C:\USERS\ANDREW\DOCUMENTS\GITHUB\CSE240_PROJECT\FLIGHTBOOKINGSYSTEM\FLIGHTBOOKINGSYSTEM\DEBUG\LISTCREATION.OBJ
C:\USERS\ANDREW\DOCUMENTS\GITHUB\CSE240_PROJECT\FLIGHTBOOKINGSYSTEM\FLIGHTBOOKINGSYSTEM\DEBUG\SEARCH.OBJ
C:\USERS\ANDREW\DOCUMENTS\GITHUB\CSE240_PROJECT\FLIGHTBOOKINGSYSTEM\FLIGHTBOOKINGSYSTEM\DEBUG\TRAVERSAL.OBJ
C:\USERS\ANDREW\DOCUMENTS\GITHUB\CSE240_PROJECT\FLIGHTBOOKINGSYSTEM\FLIGHTBOOKINGSYSTEM\DEBUG\UI.OBJ
C:\USERS\ANDREW\DOCUMENTS\GITHUB\CSE240_PROJECT\FLIGHTBOOKINGSYSTEM\FLIGHTBOOKINGSYSTEM\DEBUG\VC110.PDB
C:\USERS\ANDREW\DOCUMENTS\GITHUB\CSE240_PROJECT\FLIGHTBOOKINGSYSTEM\DEBUG\FLIGHTBOOKINGSYSTEM.ILK
C:\USERS\ANDREW\DOCUMENTS\GITHUB\CSE240_PROJECT\FLIGHTBOOKINGSYSTEM\DEBUG\FLIGHTBOOKINGSYSTEM.EXE
C:\USERS\ANDREW\DOCUMENTS\GITHUB\CSE240_PROJECT\FLIGHTBOOKINGSYSTEM\DEBUG\FLIGHTBOOKINGSYSTEM.PDB
C:\Users\Jake\Documents\GitHub\CSE240_Project\FlightBookingSystem\FlightBookingSystem\Debug\Date_Time.obj
C:\Users\Jake\Documents\GitHub\CSE240_Project\FlightBookingSystem\FlightBookingSystem\Debug\FlightBookingSystem.obj
C:\Users\Jake\Documents\GitHub\CSE240_Project\FlightBookingSystem\FlightBookingSystem\Debug\FlightNode.obj
C:\Users\Jake\Documents\GitHub\CSE240_Project\FlightBookingSystem\FlightBookingSystem\Debug\HubNode.obj
C:\Users\Jake\Documents\GitHub\CSE240_Project\FlightBookingSystem\FlightBookingSystem\Debug\IO.obj
C:\Users\Jake\Documents\GitHub\CSE240_Project\FlightBookingSystem\FlightBookingSystem\Debug\ListCreation.obj
C:\Users\Jake\Documents\GitHub\CSE240_Project\FlightBookingSystem\FlightBookingSystem\Debug\Search.obj
C:\Users\Jake\Documents\GitHub\CSE240_Project\FlightBookingSystem\FlightBookingSystem\Debug\Traversal.obj
C:\Users\Jake\Documents\GitHub\CSE240_Project\FlightBookingSystem\FlightBookingSystem\Debug\UI.obj
C:\Users\Jake\Documents\GitHub\CSE240_Project\FlightBookingSystem\FlightBookingSystem\Debug\cl.command.1.tlog
C:\Users\Jake\Documents\GitHub\CSE240_Project\FlightBookingSystem\FlightBookingSystem\Debug\CL.read.1.tlog
C:\Users\Jake\Documents\GitHub\CSE240_Project\FlightBookingSystem\FlightBookingSystem\Debug\CL.write.1.tlog
C:\Users\Jake\Documents\GitHub\CSE240_Project\FlightBookingSystem\FlightBookingSystem\Debug\link-cvtres.read.1.tlog
C:\Users\Jake\Documents\GitHub\CSE240_Project\FlightBookingSystem\FlightBookingSystem\Debug\link-cvtres.write.1.tlog
C:\Users\Jake\Documents\GitHub\CSE240_Project\FlightBookingSystem\FlightBookingSystem\Debug\link-rc.read.1.tlog
C:\Users\Jake\Documents\GitHub\CSE240_Project\FlightBookingSystem\FlightBookingSystem\Debug\link-rc.write.1.tlog
C:\Users\Jake\Documents\GitHub\CSE240_Project\FlightBookingSystem\FlightBookingSystem\Debug\link.command.1.tlog
C:\Users\Jake\Documents\GitHub\CSE240_Project\FlightBookingSystem\FlightBookingSystem\Debug\link.read.1.tlog
C:\Users\Jake\Documents\GitHub\CSE240_Project\FlightBookingSystem\FlightBookingSystem\Debug\link.write.1.tlog
C:\Users\Jake\Documents\GitHub\CSE240_Project\FlightBookingSystem\FlightBookingSystem\Debug\vc110.idb
C:\Users\Jake\Documents\GitHub\CSE240_Project\FlightBookingSystem\FlightBookingSystem\Debug\vc110.pdb
C:\Users\Jake\Documents\GitHub\CSE240_Project\FlightBookingSystem\Debug\FlightBookingSystem.pdb
C:\Users\Jake\Documents\GitHub\CSE240_Project\FlightBookingSystem\Debug\FlightBookingSystem.exe
C:\Users\Jake\Documents\GitHub\CSE240_Project\FlightBookingSystem\Debug\FlightBookingSystem.ilk
